<?xml version="1.0" encoding="UTF-8"?>
<testsuite name="com.jetsetslow.omniterm.shared.feature.WidgetSnapshotParityTest" tests="4" skipped="0" failures="0" errors="0" timestamp="2026-08-01T20:10:08.797Z" hostname="SER8-Server" time="0.004">
  <properties/>
  <testcase name="unknownServerStatusReadsAsOffline" classname="com.jetsetslow.omniterm.shared.feature.WidgetSnapshotParityTest" time="0.0"/>
  <testcase name="temperatureFollowsTheMeasurementSystem" classname="com.jetsetslow.omniterm.shared.feature.WidgetSnapshotParityTest" time="0.002"/>
  <testcase name="rowsCarryTheSameTextAndroidRenders" classname="com.jetsetslow.omniterm.shared.feature.WidgetSnapshotParityTest" time="0.001"/>
  <testcase name="stalenessAndTimelineReloadFollowDisplayedData" classname="com.jetsetslow.omniterm.shared.feature.WidgetSnapshotParityTest" time="0.0"/>
  <system-out><![CDATA[]]></system-out>
  <system-err><![CDATA[]]></system-err>
</testsuite>
