<?xml version="1.0" encoding="UTF-8"?>
<testsuite name="com.jetsetslow.omniterm.shared.feature.LaunchRoutingTest" tests="6" skipped="0" failures="0" errors="0" timestamp="2026-08-01T20:10:08.744Z" hostname="SER8-Server" time="0.002">
  <properties/>
  <testcase name="theTwoPublishedLinkShapesParse" classname="com.jetsetslow.omniterm.shared.feature.LaunchRoutingTest" time="0.001"/>
  <testcase name="nothingDrainsWhileLockedOrStillLoading" classname="com.jetsetslow.omniterm.shared.feature.LaunchRoutingTest" time="0.0"/>
  <testcase name="aRepeatedRequestIsNotQueuedTwice" classname="com.jetsetslow.omniterm.shared.feature.LaunchRoutingTest" time="0.0"/>
  <testcase name="clearingDropsPendingPrivilegedActions" classname="com.jetsetslow.omniterm.shared.feature.LaunchRoutingTest" time="0.0"/>
  <testcase name="requestsNamingUnknownResourcesAreDropped" classname="com.jetsetslow.omniterm.shared.feature.LaunchRoutingTest" time="0.001"/>
  <testcase name="anythingElseIsRejectedRatherThanGuessed" classname="com.jetsetslow.omniterm.shared.feature.LaunchRoutingTest" time="0.0"/>
  <system-out><![CDATA[]]></system-out>
  <system-err><![CDATA[]]></system-err>
</testsuite>
