<?xml version="1.0" encoding="UTF-8"?>
<testsuite name="com.jetsetslow.omniterm.shared.feature.WidgetSnapshotCodecTest" tests="5" skipped="0" failures="0" errors="0" timestamp="2026-08-01T20:10:08.794Z" hostname="SER8-Server" time="0.002">
  <properties/>
  <testcase name="aHostNameContainingTheDelimitersCannotForgeARow" classname="com.jetsetslow.omniterm.shared.feature.WidgetSnapshotCodecTest" time="0.002"/>
  <testcase name="backslashesSurviveEscaping" classname="com.jetsetslow.omniterm.shared.feature.WidgetSnapshotCodecTest" time="0.0"/>
  <testcase name="roundTripsThroughTheSharedContainer" classname="com.jetsetslow.omniterm.shared.feature.WidgetSnapshotCodecTest" time="0.0"/>
  <testcase name="malformedPayloadsDecodeToNullSoTheWidgetShowsItsErrorState" classname="com.jetsetslow.omniterm.shared.feature.WidgetSnapshotCodecTest" time="0.0"/>
  <testcase name="emptyFleetRoundTrips" classname="com.jetsetslow.omniterm.shared.feature.WidgetSnapshotCodecTest" time="0.0"/>
  <system-out><![CDATA[]]></system-out>
  <system-err><![CDATA[]]></system-err>
</testsuite>
