<?xml version="1.0" encoding="UTF-8"?>
<testsuite name="com.jetsetslow.omniterm.shared.feature.SessionNotificationPayloadTest" tests="3" skipped="0" failures="0" errors="0" timestamp="2026-08-01T20:10:08.758Z" hostname="SER8-Server" time="0.001">
  <properties/>
  <testcase name="encodeRoundTrips" classname="com.jetsetslow.omniterm.shared.feature.SessionNotificationPayloadTest" time="0.001"/>
  <testcase name="decodeRejectsLegacyOrBlankPayloads" classname="com.jetsetslow.omniterm.shared.feature.SessionNotificationPayloadTest" time="0.0"/>
  <testcase name="decodePreservesServerNamesWithPipeCharacters" classname="com.jetsetslow.omniterm.shared.feature.SessionNotificationPayloadTest" time="0.0"/>
  <system-out><![CDATA[]]></system-out>
  <system-err><![CDATA[]]></system-err>
</testsuite>
