<?xml version="1.0" encoding="UTF-8"?>
<testsuite name="com.jetsetslow.omniterm.shared.feature.NetworkShareCapabilityTest" tests="6" skipped="0" failures="0" errors="0" timestamp="2026-08-01T20:10:08.748Z" hostname="SER8-Server" time="0.003">
  <properties/>
  <testcase name="anUnknownPlatformIsNeverAssumedCapable" classname="com.jetsetslow.omniterm.shared.feature.NetworkShareCapabilityTest" time="0.001"/>
  <testcase name="iosShipsWebDavAndDeclaresTheRestUnavailable" classname="com.jetsetslow.omniterm.shared.feature.NetworkShareCapabilityTest" time="0.0"/>
  <testcase name="anUnavailableProtocolExplainsItselfRatherThanVanishing" classname="com.jetsetslow.omniterm.shared.feature.NetworkShareCapabilityTest" time="0.0"/>
  <testcase name="guardRefusesToRunAnUnsupportedOperation" classname="com.jetsetslow.omniterm.shared.feature.NetworkShareCapabilityTest" time="0.001"/>
  <testcase name="guardRunsASupportedOperation" classname="com.jetsetslow.omniterm.shared.feature.NetworkShareCapabilityTest" time="0.0"/>
  <testcase name="androidKeepsAllThreeProtocols" classname="com.jetsetslow.omniterm.shared.feature.NetworkShareCapabilityTest" time="0.001"/>
  <system-out><![CDATA[]]></system-out>
  <system-err><![CDATA[]]></system-err>
</testsuite>
