<?xml version="1.0" encoding="UTF-8"?>
<testsuite name="com.jetsetslow.omniterm.shared.platform.SshAdapterConformanceSelfTest" tests="3" skipped="0" failures="0" errors="0" timestamp="2026-08-01T20:10:08.821Z" hostname="SER8-Server" time="0.008">
  <properties/>
  <testcase name="anAdapterPresentingAMalformedKeyFails" classname="com.jetsetslow.omniterm.shared.platform.SshAdapterConformanceSelfTest" time="0.002"/>
  <testcase name="aCompliantAdapterPasses" classname="com.jetsetslow.omniterm.shared.platform.SshAdapterConformanceSelfTest" time="0.005"/>
  <testcase name="anAdapterThatConnectsToAnUnreachableHostFails" classname="com.jetsetslow.omniterm.shared.platform.SshAdapterConformanceSelfTest" time="0.001"/>
  <system-out><![CDATA[]]></system-out>
  <system-err><![CDATA[]]></system-err>
</testsuite>
