<?xml version="1.0" encoding="UTF-8"?>
<testsuite name="com.jetsetslow.omniterm.shared.platform.SafetyPoliciesTest" tests="3" skipped="0" failures="0" errors="0" timestamp="2026-08-01T20:10:08.812Z" hostname="SER8-Server" time="0.0">
  <properties/>
  <testcase name="rejectsUnknownNotificationTargets" classname="com.jetsetslow.omniterm.shared.platform.SafetyPoliciesTest" time="0.0"/>
  <testcase name="masksPrivateNotificationDetails" classname="com.jetsetslow.omniterm.shared.platform.SafetyPoliciesTest" time="0.0"/>
  <testcase name="sanitizesUnsafeFilenames" classname="com.jetsetslow.omniterm.shared.platform.SafetyPoliciesTest" time="0.0"/>
  <system-out><![CDATA[]]></system-out>
  <system-err><![CDATA[]]></system-err>
</testsuite>
