<?xml version="1.0" encoding="UTF-8"?>
<testsuite name="com.jetsetslow.omniterm.shared.platform.HostKeyTrustTest" tests="5" skipped="0" failures="0" errors="0" timestamp="2026-08-01T20:10:08.806Z" hostname="SER8-Server" time="0.005">
  <properties/>
  <testcase name="forgettingAHostClearsOnlyThatAlias" classname="com.jetsetslow.omniterm.shared.platform.HostKeyTrustTest" time="0.001"/>
  <testcase name="unknownHostIsNeverAutoTrusted" classname="com.jetsetslow.omniterm.shared.platform.HostKeyTrustTest" time="0.001"/>
  <testcase name="aliasSeparatesPortsAndIgnoresHostnameCase" classname="com.jetsetslow.omniterm.shared.platform.HostKeyTrustTest" time="0.001"/>
  <testcase name="changedKeyReportsThePreviousKey" classname="com.jetsetslow.omniterm.shared.platform.HostKeyTrustTest" time="0.0"/>
  <testcase name="malformedKeyMaterialIsRejectedAndNeverStored" classname="com.jetsetslow.omniterm.shared.platform.HostKeyTrustTest" time="0.002"/>
  <system-out><![CDATA[]]></system-out>
  <system-err><![CDATA[]]></system-err>
</testsuite>
