<?xml version="1.0" encoding="UTF-8"?>
<testsuite name="com.jetsetslow.omniterm.shared.feature.AlertNotificationPolicyTest" tests="5" skipped="0" failures="0" errors="0" timestamp="2026-08-01T20:10:08.658Z" hostname="SER8-Server" time="0.01">
  <properties/>
  <testcase name="diskRulesNameTheirMountPointAndLatencyUsesMilliseconds" classname="com.jetsetslow.omniterm.shared.feature.AlertNotificationPolicyTest" time="0.007"/>
  <testcase name="refiringTheSameRuleReplacesItsNotification" classname="com.jetsetslow.omniterm.shared.feature.AlertNotificationPolicyTest" time="0.003"/>
  <testcase name="temperatureConvertsBothSidesSoTheUnitsNeverDisagree" classname="com.jetsetslow.omniterm.shared.feature.AlertNotificationPolicyTest" time="0.0"/>
  <testcase name="titleAndBodyMatchTheAndroidStrings" classname="com.jetsetslow.omniterm.shared.feature.AlertNotificationPolicyTest" time="0.0"/>
  <testcase name="resolvedAlertsAreRemovedFromTheShade" classname="com.jetsetslow.omniterm.shared.feature.AlertNotificationPolicyTest" time="0.0"/>
  <system-out><![CDATA[]]></system-out>
  <system-err><![CDATA[]]></system-err>
</testsuite>
