<?xml version="1.0" encoding="UTF-8"?>
<testsuite name="com.jetsetslow.omniterm.shared.data.BackupTransferTest" tests="7" skipped="0" failures="0" errors="0" timestamp="2026-08-01T20:10:08.592Z" hostname="SER8-Server" time="0.01">
  <properties/>
  <testcase name="partialSelectionImportsOnlyTheChosenHosts" classname="com.jetsetslow.omniterm.shared.data.BackupTransferTest" time="0.003"/>
  <testcase name="idRemappingUpdatesInPlaceWithoutDuplicating" classname="com.jetsetslow.omniterm.shared.data.BackupTransferTest" time="0.005"/>
  <testcase name="boundsRejectHostileOrUnsupportedEnvelopes" classname="com.jetsetslow.omniterm.shared.data.BackupTransferTest" time="0.0"/>
  <testcase name="planSeparatesAddedUpdatedAndUnchanged" classname="com.jetsetslow.omniterm.shared.data.BackupTransferTest" time="0.0"/>
  <testcase name="rejectedEnvelopeLeavesTheDestinationUnchanged" classname="com.jetsetslow.omniterm.shared.data.BackupTransferTest" time="0.0"/>
  <testcase name="unsupportedFeaturesAreReportedRatherThanSilentlyDropped" classname="com.jetsetslow.omniterm.shared.data.BackupTransferTest" time="0.0"/>
  <testcase name="secretsAreNeverTransportedAndAreFlaggedForReentry" classname="com.jetsetslow.omniterm.shared.data.BackupTransferTest" time="0.0"/>
  <system-out><![CDATA[]]></system-out>
  <system-err><![CDATA[]]></system-err>
</testsuite>
