<?xml version="1.0" encoding="UTF-8"?>
<testsuite name="com.jetsetslow.omniterm.shared.core.PlatformServicesTest" tests="2" skipped="0" failures="0" errors="0" timestamp="2026-08-01T20:10:08.562Z" hostname="SER8-Server" time="0.015">
  <properties/>
  <testcase name="deterministicServicesNeedNoPlatformGlobals" classname="com.jetsetslow.omniterm.shared.core.PlatformServicesTest" time="0.013"/>
  <testcase name="operationGenerationRejectsOldOwners" classname="com.jetsetslow.omniterm.shared.core.PlatformServicesTest" time="0.002"/>
  <system-out><![CDATA[]]></system-out>
  <system-err><![CDATA[]]></system-err>
</testsuite>
