<?xml version="1.0" encoding="UTF-8"?>
<testsuite name="com.jetsetslow.omniterm.shared.network.WebDavMultistatusParserTest" tests="1" skipped="0" failures="0" errors="0" timestamp="2026-08-01T20:10:08.801Z" hostname="SER8-Server" time="0.004">
  <properties/>
  <testcase name="parsesNamespaceVariantsAndEntities" classname="com.jetsetslow.omniterm.shared.network.WebDavMultistatusParserTest" time="0.004"/>
  <system-out><![CDATA[]]></system-out>
  <system-err><![CDATA[]]></system-err>
</testsuite>
