<?xml version="1.0" encoding="UTF-8"?>
<testsuite name="com.jetsetslow.omniterm.shared.feature.FilesStoreTest" tests="18" skipped="0" failures="0" errors="0" timestamp="2026-08-01T20:10:08.703Z" hostname="SER8-Server" time="0.038">
  <properties/>
  <testcase name="uploadClosesItsSourceAndAggregatesProgress" classname="com.jetsetslow.omniterm.shared.feature.FilesStoreTest" time="0.006"/>
  <testcase name="conflictDecisionKeepBothWritesToANewName" classname="com.jetsetslow.omniterm.shared.feature.FilesStoreTest" time="0.005"/>
  <testcase name="aFailedPasteKeepsItsErrorThroughTheRefresh" classname="com.jetsetslow.omniterm.shared.feature.FilesStoreTest" time="0.005"/>
  <testcase name="conflictDecisionSkipLeavesTheExistingFileUntouched" classname="com.jetsetslow.omniterm.shared.feature.FilesStoreTest" time="0.002"/>
  <testcase name="aFailedScanCancelsThePasteAndKeepsTheClipboard" classname="com.jetsetslow.omniterm.shared.feature.FilesStoreTest" time="0.002"/>
  <testcase name="bookmarksToggleAndListingFailureIsObservable" classname="com.jetsetslow.omniterm.shared.feature.FilesStoreTest" time="0.002"/>
  <testcase name="cancellingADownloadClosesTheStreamAndRemovesThePartialFile" classname="com.jetsetslow.omniterm.shared.feature.FilesStoreTest" time="0.002"/>
  <testcase name="sortingKeepsDirectoriesFirstInBothDirections" classname="com.jetsetslow.omniterm.shared.feature.FilesStoreTest" time="0.001"/>
  <testcase name="pastingIntoTheSourceFolderDefaultsToKeepBothOnCopyAndSkipOnMove" classname="com.jetsetslow.omniterm.shared.feature.FilesStoreTest" time="0.002"/>
  <testcase name="parentPathStopsAtRoot" classname="com.jetsetslow.omniterm.shared.feature.FilesStoreTest" time="0.0"/>
  <testcase name="downloadReportsDeterminateProgressAndCompletes" classname="com.jetsetslow.omniterm.shared.feature.FilesStoreTest" time="0.001"/>
  <testcase name="aCleanPasteRunsServerSideWithoutStreamingBytes" classname="com.jetsetslow.omniterm.shared.feature.FilesStoreTest" time="0.002"/>
  <testcase name="anUnverifiedComparisonIsFlaggedRatherThanImplyingCertainty" classname="com.jetsetslow.omniterm.shared.feature.FilesStoreTest" time="0.001"/>
  <testcase name="conflictsWaitForPerItemDecisionsAndSkippedNamesAreNeverIssued" classname="com.jetsetslow.omniterm.shared.feature.FilesStoreTest" time="0.001"/>
  <testcase name="switchingPathMidListingNeverPublishesStaleEntries" classname="com.jetsetslow.omniterm.shared.feature.FilesStoreTest" time="0.002"/>
  <testcase name="switchingHostAfterTheScanAlsoCancelsThePaste" classname="com.jetsetslow.omniterm.shared.feature.FilesStoreTest" time="0.001"/>
  <testcase name="transferWithUnknownSizeStaysIndeterminate" classname="com.jetsetslow.omniterm.shared.feature.FilesStoreTest" time="0.001"/>
  <testcase name="navigatingAwayAfterTheScanCancelsThePasteInsteadOfWritingElsewhere" classname="com.jetsetslow.omniterm.shared.feature.FilesStoreTest" time="0.002"/>
  <system-out><![CDATA[]]></system-out>
  <system-err><![CDATA[]]></system-err>
</testsuite>
