<?xml version="1.0" encoding="UTF-8"?>
<testsuite name="com.jetsetslow.omniterm.shared.data.FileBackedHostRepositoryTest" tests="5" skipped="0" failures="0" errors="0" timestamp="2026-08-01T20:10:08.603Z" hostname="SER8-Server" time="0.051">
  <properties/>
  <testcase name="assignsIdsAndPersistsAcrossReload" classname="com.jetsetslow.omniterm.shared.data.FileBackedHostRepositoryTest" time="0.044"/>
  <testcase name="anUnparseableFileRefusesToLoadSoItIsNeverOverwritten" classname="com.jetsetslow.omniterm.shared.data.FileBackedHostRepositoryTest" time="0.001"/>
  <testcase name="updatingKeepsTheIdAndDoesNotDuplicate" classname="com.jetsetslow.omniterm.shared.data.FileBackedHostRepositoryTest" time="0.001"/>
  <testcase name="deleteRemovesOnlyItsOwnRow" classname="com.jetsetslow.omniterm.shared.data.FileBackedHostRepositoryTest" time="0.002"/>
  <testcase name="aFailedWriteIsReportedAndRolledBack" classname="com.jetsetslow.omniterm.shared.data.FileBackedHostRepositoryTest" time="0.001"/>
  <system-out><![CDATA[]]></system-out>
  <system-err><![CDATA[]]></system-err>
</testsuite>
