<?xml version="1.0" encoding="UTF-8"?>
<testsuite name="com.jetsetslow.omniterm.shared.platform.SecretVaultTest" tests="6" skipped="0" failures="0" errors="0" timestamp="2026-08-01T20:10:08.813Z" hostname="SER8-Server" time="0.007">
  <properties/>
  <testcase name="orphanedSecretsAreRemoved" classname="com.jetsetslow.omniterm.shared.platform.SecretVaultTest" time="0.002"/>
  <testcase name="wipeClearsKeyMaterial" classname="com.jetsetslow.omniterm.shared.platform.SecretVaultTest" time="0.0"/>
  <testcase name="failedAuthenticationNeverReachesStorage" classname="com.jetsetslow.omniterm.shared.platform.SecretVaultTest" time="0.001"/>
  <testcase name="rotationKeepsTheReferenceAndReplacesTheValue" classname="com.jetsetslow.omniterm.shared.platform.SecretVaultTest" time="0.001"/>
  <testcase name="missingItemIsNotFoundRatherThanAnEmptySuccess" classname="com.jetsetslow.omniterm.shared.platform.SecretVaultTest" time="0.002"/>
  <testcase name="storedSecretsAreNamespacedAndNeverLogged" classname="com.jetsetslow.omniterm.shared.platform.SecretVaultTest" time="0.001"/>
  <system-out><![CDATA[]]></system-out>
  <system-err><![CDATA[]]></system-err>
</testsuite>
